<?xml version="1.0" encoding="UTF-8"?>
<!-- Generated by org.testng.reporters.JUnitReportReporter -->
<testsuite hostname="jeremyluong" failures="0" tests="1" name="com.web.test.testDemo" time="53.831" errors="0" timestamp="2024-04-08T00:59:38 ICT" skipped="0">
  <testcase classname="com.web.test.testDemo" name="testDemo1" time="53.831"/>
</testsuite> <!-- com.web.test.testDemo -->
