<?xml version="1.0" encoding="UTF-8"?>
<!-- Generated by org.testng.reporters.JUnitReportReporter -->
<testsuite hostname="jeremyluong" failures="0" tests="1" name="com.web.test.testDemo" time="4.420" errors="0" timestamp="2024-04-07T17:06:00 ICT" skipped="0">
  <testcase classname="com.web.test.testDemo" name="testDemo1" time="4.420"/>
</testsuite> <!-- com.web.test.testDemo -->
