<?xml version="1.0" encoding="UTF-8"?>
<!-- Generated by org.testng.reporters.JUnitReportReporter -->
<testsuite hostname="jeremyluong" failures="0" tests="1" name="com.web.test.testDemo" time="3.665" errors="0" timestamp="2024-04-07T17:26:47 ICT" skipped="0">
  <testcase classname="com.web.test.testDemo" name="testDemo1" time="3.665"/>
</testsuite> <!-- com.web.test.testDemo -->
